<?xml version="1.0" encoding="UTF-8"?>
<testsuite xmlns:xsi="http://www.w3.org/2001/XMLSchema-instance" xsi:noNamespaceSchemaLocation="https://maven.apache.org/surefire/maven-surefire-plugin/xsd/surefire-test-report-3.0.xsd" version="3.0" name="exercise2.LoggingExampleTest" time="0.008" tests="1" errors="0" skipped="0" failures="0">
  <properties>
[...]
</properties>
  <testcase name="testLoggingExampleOutput" classname="exercise2.LoggingExampleTest" time="0.006">
    <system-out><![CDATA[02:52:33.560 [main] INFO  exercise2.LoggingExample - Exercise 2: User Bob logged in with ID 123
]]></system-out>
  </testcase>
</testsuite>